<?xml version="1.0" encoding="UTF-8"?>
<testsuite name="BanglaPuzzle" tests="1" skipped="0" failures="0" errors="0" timestamp="2023-06-18T22:20:42" hostname="LAPTOP-QLMOFGUC" time="7.294">
  <properties/>
  <testcase name="MEDIA COVERAGES BUTTON" classname="BanglaPuzzle" time="7.294"/>
  <system-out><![CDATA[]]></system-out>
  <system-err><![CDATA[Jun 18, 2023 11:20:39 PM org.openqa.selenium.remote.service.DriverService$Builder getLogOutput
INFO: Driver logs no longer sent to console by default; https://www.selenium.dev/documentation/webdriver/drivers/service/#setting-log-output
SLF4J: Failed to load class "org.slf4j.impl.StaticLoggerBinder".
SLF4J: Defaulting to no-operation (NOP) logger implementation
SLF4J: See http://www.slf4j.org/codes.html#StaticLoggerBinder for further details.
]]></system-err>
</testsuite>
